2022-11-29 07:59:39,217 [INFO] Activator:178 - 


2022-11-29 07:59:39,222 [INFO] Activator:179 - !SESSION log4j initialized
2022-11-29 08:00:01,314 [INFO] ApplicationProperties:181 - Using Application install path: C:\ST\STM32CubeIDE_1.4.0\STM32CubeIDE\plugins\com.st.stm32cube.common.mx_6.0.0.202007160824
2022-11-29 08:00:01,358 [INFO] DbMcusXml:70 - Set database path to: C:\ST\STM32CubeIDE_1.4.0\STM32CubeIDE\plugins\com.st.stm32cube.common.mx_6.0.0.202007160824\\db\/mcu/
2022-11-29 08:00:01,366 [INFO] DbBoardsPdsc:56 - Set plugin database path to: C:\ST\STM32CubeIDE_1.4.0\STM32CubeIDE\plugins\com.st.stm32cube.common.mx_6.0.0.202007160824\\db\/plugins/boardmanager/
2022-11-29 08:00:01,367 [INFO] DbMcus:258 - Set plugin images path to: C:\ST\STM32CubeIDE_1.4.0\STM32CubeIDE\plugins\com.st.stm32cube.common.mx_6.0.0.202007160824\\db\/plugins/mcufinder/images/
2022-11-29 08:00:01,368 [INFO] DbBoards:264 - Set plugin images path to: C:\ST\STM32CubeIDE_1.4.0\STM32CubeIDE\plugins\com.st.stm32cube.common.mx_6.0.0.202007160824\\db\/plugins/mcufinder/images/
2022-11-29 08:00:01,373 [INFO] DbExamples:326 - Set plugin images path to: C:\ST\STM32CubeIDE_1.4.0\STM32CubeIDE\plugins\com.st.stm32cube.common.mx_6.0.0.202007160824\\db\/plugins/mcufinder/images/
2022-11-29 08:00:01,691 [INFO] DbMcusDocs:112 - Set database path to: C:\Users\ncm\.stmcufinder\plugins\mcufinder//mcu/
2022-11-29 08:00:01,694 [INFO] DbMcusJson:63 - Set database path to: C:\Users\ncm\.stmcufinder\plugins\mcufinder//mcu/
2022-11-29 08:00:01,695 [INFO] DbBoardsDocs:112 - Set database path to: C:\Users\ncm\.stmcufinder\plugins\mcufinder//mcu/
2022-11-29 08:00:01,697 [INFO] DbBoardsJson:56 - Set database path to: C:\Users\ncm\.stmcufinder\plugins\mcufinder//mcu/
2022-11-29 08:00:01,748 [INFO] CrossReferenceDbSqlite:196 - Set database path to: C:\Users\ncm\.stmcufinder\plugins\mcufinder//mcu/cs/
2022-11-29 08:00:01,752 [INFO] DbExamplesSqlite:800 - Set database path to: C:\Users\ncm\.stmcufinder\plugins\mcufinder//mcu/
2022-11-29 08:00:02,010 [INFO] RulesReader:52 - Compatibility file has been processed (209 Rules)
2022-11-29 08:00:02,283 [INFO] MicroXplorer:564 - Detected Java Version = 1.8.0_252
2022-11-29 08:00:02,283 [INFO] DbMcusXml:70 - Set database path to: C:\ST\STM32CubeIDE_1.4.0\STM32CubeIDE\plugins\com.st.stm32cube.common.mx_6.0.0.202007160824\\db\/mcu/
2022-11-29 08:00:02,283 [INFO] DbBoardsPdsc:56 - Set plugin database path to: C:\ST\STM32CubeIDE_1.4.0\STM32CubeIDE\plugins\com.st.stm32cube.common.mx_6.0.0.202007160824\\db\/plugins/boardmanager/
2022-11-29 08:00:02,285 [INFO] DbMcus:258 - Set plugin images path to: C:\ST\STM32CubeIDE_1.4.0\STM32CubeIDE\plugins\com.st.stm32cube.common.mx_6.0.0.202007160824\\db\/plugins/mcufinder/images/
2022-11-29 08:00:02,285 [INFO] DbBoards:264 - Set plugin images path to: C:\ST\STM32CubeIDE_1.4.0\STM32CubeIDE\plugins\com.st.stm32cube.common.mx_6.0.0.202007160824\\db\/plugins/mcufinder/images/
2022-11-29 08:00:02,285 [INFO] DbExamples:326 - Set plugin images path to: C:\ST\STM32CubeIDE_1.4.0\STM32CubeIDE\plugins\com.st.stm32cube.common.mx_6.0.0.202007160824\\db\/plugins/mcufinder/images/
2022-11-29 08:00:02,285 [WARN] DbFile:36 - Overriding database path with different value: C:\Users\ncm\.stmcufinder\plugins\mcufinder/ => C:\Users\ncm\.stmcufinder\plugins\mcufinder
2022-11-29 08:00:02,285 [INFO] DbMcusDocs:112 - Set database path to: C:\Users\ncm\.stmcufinder\plugins\mcufinder//mcu/
2022-11-29 08:00:02,285 [WARN] DbFile:36 - Overriding database path with different value: C:\Users\ncm\.stmcufinder\plugins\mcufinder/ => C:\Users\ncm\.stmcufinder\plugins\mcufinder
2022-11-29 08:00:02,286 [INFO] DbMcusJson:63 - Set database path to: C:\Users\ncm\.stmcufinder\plugins\mcufinder//mcu/
2022-11-29 08:00:02,286 [WARN] DbFile:36 - Overriding database path with different value: C:\Users\ncm\.stmcufinder\plugins\mcufinder/ => C:\Users\ncm\.stmcufinder\plugins\mcufinder
2022-11-29 08:00:02,286 [INFO] DbBoardsDocs:112 - Set database path to: C:\Users\ncm\.stmcufinder\plugins\mcufinder//mcu/
2022-11-29 08:00:02,286 [WARN] DbFile:36 - Overriding database path with different value: C:\Users\ncm\.stmcufinder\plugins\mcufinder/ => C:\Users\ncm\.stmcufinder\plugins\mcufinder
2022-11-29 08:00:02,286 [INFO] DbBoardsJson:56 - Set database path to: C:\Users\ncm\.stmcufinder\plugins\mcufinder//mcu/
2022-11-29 08:00:02,286 [WARN] DbFile:36 - Overriding database path with different value: C:\Users\ncm\.stmcufinder\plugins\mcufinder/ => C:\Users\ncm\.stmcufinder\plugins\mcufinder
2022-11-29 08:00:02,286 [WARN] DbFile:36 - Overriding database path with different value: C:\Users\ncm\.stmcufinder\plugins\mcufinder/ => C:\Users\ncm\.stmcufinder\plugins\mcufinder
2022-11-29 08:00:02,287 [INFO] CrossReferenceDbSqlite:196 - Set database path to: C:\Users\ncm\.stmcufinder\plugins\mcufinder//mcu/cs/
2022-11-29 08:00:02,287 [WARN] DbFile:36 - Overriding database path with different value: C:\Users\ncm\.stmcufinder\plugins\mcufinder/ => C:\Users\ncm\.stmcufinder\plugins\mcufinder
2022-11-29 08:00:02,287 [INFO] DbExamplesSqlite:800 - Set database path to: C:\Users\ncm\.stmcufinder\plugins\mcufinder//mcu/
2022-11-29 08:00:02,584 [INFO] MainPanel:189 - HeapMemory: 310378496
2022-11-29 08:00:03,176 [INFO] DbMcusXml:70 - Set database path to: C:\ST\STM32CubeIDE_1.4.0\STM32CubeIDE\plugins\com.st.stm32cube.common.mx_6.0.0.202007160824\\db\/mcu/
2022-11-29 08:00:03,176 [INFO] DbBoardsPdsc:56 - Set plugin database path to: C:\ST\STM32CubeIDE_1.4.0\STM32CubeIDE\plugins\com.st.stm32cube.common.mx_6.0.0.202007160824\\db\/plugins/boardmanager/
2022-11-29 08:00:03,177 [INFO] DbMcus:258 - Set plugin images path to: C:\ST\STM32CubeIDE_1.4.0\STM32CubeIDE\plugins\com.st.stm32cube.common.mx_6.0.0.202007160824\\db\/plugins/mcufinder/images/
2022-11-29 08:00:03,177 [INFO] DbBoards:264 - Set plugin images path to: C:\ST\STM32CubeIDE_1.4.0\STM32CubeIDE\plugins\com.st.stm32cube.common.mx_6.0.0.202007160824\\db\/plugins/mcufinder/images/
2022-11-29 08:00:03,177 [INFO] DbExamples:326 - Set plugin images path to: C:\ST\STM32CubeIDE_1.4.0\STM32CubeIDE\plugins\com.st.stm32cube.common.mx_6.0.0.202007160824\\db\/plugins/mcufinder/images/
2022-11-29 08:00:03,178 [WARN] DbFile:36 - Overriding database path with different value: C:\Users\ncm\.stmcufinder\plugins\mcufinder/ => C:\Users\ncm\.stmcufinder\plugins\mcufinder
2022-11-29 08:00:03,178 [INFO] DbMcusDocs:112 - Set database path to: C:\Users\ncm\.stmcufinder\plugins\mcufinder//mcu/
2022-11-29 08:00:03,178 [WARN] DbFile:36 - Overriding database path with different value: C:\Users\ncm\.stmcufinder\plugins\mcufinder/ => C:\Users\ncm\.stmcufinder\plugins\mcufinder
2022-11-29 08:00:03,178 [INFO] DbMcusJson:63 - Set database path to: C:\Users\ncm\.stmcufinder\plugins\mcufinder//mcu/
2022-11-29 08:00:03,178 [WARN] DbFile:36 - Overriding database path with different value: C:\Users\ncm\.stmcufinder\plugins\mcufinder/ => C:\Users\ncm\.stmcufinder\plugins\mcufinder
2022-11-29 08:00:03,178 [INFO] DbBoardsDocs:112 - Set database path to: C:\Users\ncm\.stmcufinder\plugins\mcufinder//mcu/
2022-11-29 08:00:03,179 [WARN] DbFile:36 - Overriding database path with different value: C:\Users\ncm\.stmcufinder\plugins\mcufinder/ => C:\Users\ncm\.stmcufinder\plugins\mcufinder
2022-11-29 08:00:03,179 [INFO] DbBoardsJson:56 - Set database path to: C:\Users\ncm\.stmcufinder\plugins\mcufinder//mcu/
2022-11-29 08:00:03,179 [WARN] DbFile:36 - Overriding database path with different value: C:\Users\ncm\.stmcufinder\plugins\mcufinder/ => C:\Users\ncm\.stmcufinder\plugins\mcufinder
2022-11-29 08:00:03,179 [WARN] DbFile:36 - Overriding database path with different value: C:\Users\ncm\.stmcufinder\plugins\mcufinder/ => C:\Users\ncm\.stmcufinder\plugins\mcufinder
2022-11-29 08:00:03,179 [INFO] CrossReferenceDbSqlite:196 - Set database path to: C:\Users\ncm\.stmcufinder\plugins\mcufinder//mcu/cs/
2022-11-29 08:00:03,179 [WARN] DbFile:36 - Overriding database path with different value: C:\Users\ncm\.stmcufinder\plugins\mcufinder/ => C:\Users\ncm\.stmcufinder\plugins\mcufinder
2022-11-29 08:00:03,179 [INFO] DbExamplesSqlite:800 - Set database path to: C:\Users\ncm\.stmcufinder\plugins\mcufinder//mcu/
2022-11-29 08:00:03,222 [INFO] ApplicationProperties:181 - Using Application install path: C:\ST\STM32CubeIDE_1.4.0\STM32CubeIDE\plugins\com.st.stm32cube.common.mx_6.0.0.202007160824
2022-11-29 08:00:03,224 [INFO] PluginManage:178 - Search for loadable plugins [exclusion list=, ]
2022-11-29 08:00:03,239 [INFO] PluginManage:292 - Check plugin analytics
2022-11-29 08:00:03,524 [INFO] AnalyticsPlugin:203 - Accepted Software Licenses: 
2022-11-29 08:00:03,525 [INFO] AnalyticsPlugin:205 - Accepted CMSIS Pack Licenses: 
2022-11-29 08:00:03,525 [INFO] AnalyticsPlugin:207 - Accepted Firmware Licenses: 
2022-11-29 08:00:03,526 [INFO] PluginManage:342 - Loaded plugin analytics (category:tool,tabindex:-1)
2022-11-29 08:00:03,526 [INFO] PluginManage:292 - Check plugin clock
2022-11-29 08:00:03,567 [INFO] PluginManage:342 - Loaded plugin clock (category:base,tabindex:2)
2022-11-29 08:00:03,567 [INFO] PluginManage:292 - Check plugin ddr
2022-11-29 08:00:03,590 [INFO] PluginManage:342 - Loaded plugin ddr (category:tool,tabindex:6)
2022-11-29 08:00:03,590 [INFO] PluginManage:292 - Check plugin filemanager
2022-11-29 08:00:03,845 [INFO] PluginManage:342 - Loaded plugin filemanager (category:base,tabindex:10)
2022-11-29 08:00:03,845 [INFO] PluginManage:292 - Check plugin ipmanager
2022-11-29 08:00:03,873 [INFO] PluginManage:342 - Loaded plugin ipmanager (category:base,tabindex:5)
2022-11-29 08:00:03,873 [INFO] PluginManage:292 - Check plugin pinoutandconfiguration
2022-11-29 08:00:03,909 [INFO] PluginManage:342 - Loaded plugin pinoutandconfiguration (category:base,tabindex:1)
2022-11-29 08:00:03,909 [INFO] PluginManage:292 - Check plugin pinoutconfig
2022-11-29 08:00:03,966 [INFO] PluginManage:342 - Loaded plugin pinoutconfig (category:base,tabindex:0)
2022-11-29 08:00:03,966 [INFO] PluginManage:292 - Check plugin power
2022-11-29 08:00:04,029 [INFO] PluginManage:342 - Loaded plugin power (category:power,tabindex:4)
2022-11-29 08:00:04,030 [INFO] PluginManage:292 - Check plugin projectmanager
2022-11-29 08:00:04,073 [INFO] PluginManage:342 - Loaded plugin projectmanager (category:projectmanager,tabindex:3)
2022-11-29 08:00:04,073 [INFO] PluginManage:292 - Check plugin thirdparty
2022-11-29 08:00:04,595 [INFO] ThirdPartyDb:333 - Open Third Party DataBase File (C:/Users/ncm/.stm32cubemx/plugins/thirdparty/db/thirdparties_db.xml) : 146 ms. number of Sw pack : 50
2022-11-29 08:00:04,604 [INFO] PluginManage:342 - Loaded plugin thirdparty (category:base,tabindex:-1)
2022-11-29 08:00:04,605 [INFO] PluginManage:292 - Check plugin tools
2022-11-29 08:00:04,771 [INFO] PluginManage:342 - Loaded plugin tools (category:base,tabindex:7)
2022-11-29 08:00:04,771 [INFO] PluginManage:292 - Check plugin tutovideos
2022-11-29 08:00:05,367 [INFO] PluginManage:342 - Loaded plugin tutovideos (category:base,tabindex:-1)
2022-11-29 08:00:05,367 [INFO] PluginManage:292 - Check plugin updater
2022-11-29 08:00:05,445 [INFO] PluginManage:342 - Loaded plugin updater (category:base,tabindex:12)
2022-11-29 08:00:05,447 [INFO] PluginManage:265 - PluginManage : Loaded plugins [13]
2022-11-29 08:00:06,095 [INFO] PinOutPanel:1418 - setPackage(No Configuration,No Configuration)
2022-11-29 08:00:06,470 [INFO] IPUIPlugin:64 - create IPUIPlugin
2022-11-29 08:00:06,471 [INFO] PluginManager:200 - loadIPPluginJar : add adc
2022-11-29 08:00:06,587 [INFO] IPUIPlugin:64 - create IPUIPlugin
2022-11-29 08:00:06,587 [INFO] PluginManager:200 - loadIPPluginJar : add aes
2022-11-29 08:00:06,643 [INFO] IPUIPlugin:64 - create IPUIPlugin
2022-11-29 08:00:06,643 [INFO] PluginManager:200 - loadIPPluginJar : add can
2022-11-29 08:00:06,686 [INFO] IPUIPlugin:64 - create IPUIPlugin
2022-11-29 08:00:06,688 [INFO] PluginManager:200 - loadIPPluginJar : add comp
2022-11-29 08:00:06,716 [INFO] IPUIPlugin:64 - create IPUIPlugin
2022-11-29 08:00:06,716 [INFO] PluginManager:200 - loadIPPluginJar : add cryp
2022-11-29 08:00:06,773 [INFO] IPUIPlugin:64 - create IPUIPlugin
2022-11-29 08:00:06,774 [INFO] PluginManager:200 - loadIPPluginJar : add dfsdm
2022-11-29 08:00:06,808 [INFO] IPUIPlugin:64 - create IPUIPlugin
2022-11-29 08:00:06,809 [INFO] PluginManager:200 - loadIPPluginJar : add dma
2022-11-29 08:00:06,862 [INFO] IPUIPlugin:64 - create IPUIPlugin
2022-11-29 08:00:06,862 [INFO] PluginManager:200 - loadIPPluginJar : add fatfs
2022-11-29 08:00:06,975 [INFO] IPUIPlugin:64 - create IPUIPlugin
2022-11-29 08:00:06,975 [INFO] PluginManager:200 - loadIPPluginJar : add fmc
2022-11-29 08:00:07,019 [INFO] IPUIPlugin:64 - create IPUIPlugin
2022-11-29 08:00:07,019 [INFO] PluginManager:200 - loadIPPluginJar : add freertos
2022-11-29 08:00:07,043 [INFO] IPUIPlugin:64 - create IPUIPlugin
2022-11-29 08:00:07,043 [INFO] PluginManager:200 - loadIPPluginJar : add genericplugin
2022-11-29 08:00:07,247 [INFO] IPUIPlugin:64 - create IPUIPlugin
2022-11-29 08:00:07,248 [INFO] PluginManager:200 - loadIPPluginJar : add gfxmmu
2022-11-29 08:00:07,390 [INFO] IPUIPlugin:64 - create IPUIPlugin
2022-11-29 08:00:07,391 [INFO] PluginManager:200 - loadIPPluginJar : add gic
2022-11-29 08:00:07,418 [INFO] IPUIPlugin:64 - create IPUIPlugin
2022-11-29 08:00:07,418 [INFO] PluginManager:200 - loadIPPluginJar : add gpio
2022-11-29 08:00:07,528 [INFO] IPUIPlugin:64 - create IPUIPlugin
2022-11-29 08:00:07,529 [INFO] PluginManager:200 - loadIPPluginJar : add gtzc
2022-11-29 08:00:07,588 [INFO] IPUIPlugin:64 - create IPUIPlugin
2022-11-29 08:00:07,588 [INFO] PluginManager:200 - loadIPPluginJar : add hash
2022-11-29 08:00:07,716 [INFO] IPUIPlugin:64 - create IPUIPlugin
2022-11-29 08:00:07,717 [INFO] PluginManager:200 - loadIPPluginJar : add i2c
2022-11-29 08:00:07,789 [INFO] IPUIPlugin:64 - create IPUIPlugin
2022-11-29 08:00:07,789 [INFO] PluginManager:200 - loadIPPluginJar : add i2s
2022-11-29 08:00:07,864 [INFO] IPUIPlugin:64 - create IPUIPlugin
2022-11-29 08:00:07,864 [INFO] PluginManager:200 - loadIPPluginJar : add ipddr
2022-11-29 08:00:08,024 [INFO] IPUIPlugin:64 - create IPUIPlugin
2022-11-29 08:00:08,025 [INFO] PluginManager:200 - loadIPPluginJar : add ltdc
2022-11-29 08:00:08,093 [INFO] IPUIPlugin:64 - create IPUIPlugin
2022-11-29 08:00:08,093 [INFO] PluginManager:200 - loadIPPluginJar : add mdma
2022-11-29 08:00:08,144 [INFO] IPUIPlugin:64 - create IPUIPlugin
2022-11-29 08:00:08,146 [INFO] PluginManager:200 - loadIPPluginJar : add nvic
2022-11-29 08:00:08,230 [INFO] IPUIPlugin:64 - create IPUIPlugin
2022-11-29 08:00:08,230 [INFO] PluginManager:200 - loadIPPluginJar : add opamp
2022-11-29 08:00:08,298 [INFO] IPUIPlugin:64 - create IPUIPlugin
2022-11-29 08:00:08,298 [INFO] PluginManager:200 - loadIPPluginJar : add openamp
2022-11-29 08:00:08,375 [INFO] IPUIPlugin:64 - create IPUIPlugin
2022-11-29 08:00:08,375 [INFO] PluginManager:200 - loadIPPluginJar : add pdm2pcm
2022-11-29 08:00:08,404 [INFO] IPUIPlugin:64 - create IPUIPlugin
2022-11-29 08:00:08,407 [INFO] PluginManager:200 - loadIPPluginJar : add plateformsettings
2022-11-29 08:00:08,435 [INFO] IPUIPlugin:64 - create IPUIPlugin
2022-11-29 08:00:08,435 [INFO] PluginManager:200 - loadIPPluginJar : add quadspi
2022-11-29 08:00:08,461 [INFO] IPUIPlugin:64 - create IPUIPlugin
2022-11-29 08:00:08,462 [INFO] PluginManager:200 - loadIPPluginJar : add resmgrutility
2022-11-29 08:00:08,526 [INFO] IPUIPlugin:64 - create IPUIPlugin
2022-11-29 08:00:08,526 [INFO] PluginManager:200 - loadIPPluginJar : add sai
2022-11-29 08:00:08,589 [INFO] IPUIPlugin:64 - create IPUIPlugin
2022-11-29 08:00:08,590 [INFO] PluginManager:200 - loadIPPluginJar : add spi
2022-11-29 08:00:08,656 [INFO] IPUIPlugin:64 - create IPUIPlugin
2022-11-29 08:00:08,657 [INFO] PluginManager:200 - loadIPPluginJar : add stm32_wpan
2022-11-29 08:00:08,680 [INFO] IPUIPlugin:64 - create IPUIPlugin
2022-11-29 08:00:08,680 [INFO] PluginManager:200 - loadIPPluginJar : add tim
2022-11-29 08:00:08,784 [INFO] IPUIPlugin:64 - create IPUIPlugin
2022-11-29 08:00:08,785 [INFO] PluginManager:200 - loadIPPluginJar : add touchsensing
2022-11-29 08:00:08,819 [INFO] IPUIPlugin:64 - create IPUIPlugin
2022-11-29 08:00:08,819 [INFO] PluginManager:200 - loadIPPluginJar : add tracer_emb
2022-11-29 08:00:08,860 [INFO] IPUIPlugin:64 - create IPUIPlugin
2022-11-29 08:00:08,861 [INFO] PluginManager:200 - loadIPPluginJar : add ts
2022-11-29 08:00:08,887 [INFO] IPUIPlugin:64 - create IPUIPlugin
2022-11-29 08:00:08,887 [INFO] PluginManager:200 - loadIPPluginJar : add tsc
2022-11-29 08:00:08,927 [INFO] IPUIPlugin:64 - create IPUIPlugin
2022-11-29 08:00:08,927 [INFO] PluginManager:200 - loadIPPluginJar : add ucpd
2022-11-29 08:00:08,970 [INFO] IPUIPlugin:64 - create IPUIPlugin
2022-11-29 08:00:08,970 [INFO] PluginManager:200 - loadIPPluginJar : add usart
2022-11-29 08:00:11,549 [INFO] CubeProgrammer:457 - [DDR PANEL] - PathOfProgrammer: null
2022-11-29 08:00:12,868 [FATAL] Updater:282 - Updater called before beeing initialized
2022-11-29 08:00:14,591 [FATAL] Updater:282 - Updater called before beeing initialized
2022-11-29 08:00:14,591 [WARN] ThirdParty:775 - waiting for thirdparty lock release [close project]
2022-11-29 08:00:14,592 [INFO] ThirdParty:777 - entering critical section [close project]
2022-11-29 08:00:14,595 [INFO] ThirdParty:790 - exiting critical section [close project]
2022-11-29 08:00:14,602 [INFO] PinOutPanel:1418 - setPackage(No Configuration,No Configuration)
2022-11-29 08:00:14,603 [FATAL] Updater:282 - Updater called before beeing initialized
2022-11-29 08:00:14,834 [ERROR] Updater:967 - MainUpdater not yet initialized. External WinMGr cannot be set.
2022-11-29 08:00:14,836 [INFO] CubeProgrammer:457 - [DDR PANEL] - PathOfProgrammer: C:\ST\STM32CubeIDE_1.4.0\STM32CubeIDE\plugins\com.st.stm32cube.ide.mcu.externaltools.cubeprogrammer.win32_1.4.0.202007081208\tools\bin
2022-11-29 08:00:15,084 [INFO] ProgrammerExecThread:148 - [ProgrammerAPI] CubeProgrammer command construction: C:\ST\STM32CubeIDE_1.4.0\STM32CubeIDE\plugins\com.st.stm32cube.ide.mcu.externaltools.cubeprogrammer.win32_1.4.0.202007081208\tools\bin\STM32_Programmer_CLI.exe -l
2022-11-29 08:00:23,629 [INFO] MainDdrPanel:49 - [DDR PANEL] SETTER - Set cubeProgrammerPath to: C:\ST\STM32CubeIDE_1.4.0\STM32CubeIDE\plugins\com.st.stm32cube.ide.mcu.externaltools.cubeprogrammer.win32_1.4.0.202007081208\tools\bin
2022-11-29 08:00:24,806 [INFO] Updater:904 - Updater Version found : 6.0.0
2022-11-29 08:00:24,898 [INFO] ApplicationProperties:181 - Using Application install path: C:\ST\STM32CubeIDE_1.4.0\STM32CubeIDE\plugins\com.st.stm32cube.common.mx_6.0.0.202007160824
2022-11-29 08:00:26,003 [INFO] MainUpdater:2268 - connection check result : 10
2022-11-29 08:00:26,004 [INFO] MainUpdater:2935 - Updater definition file requires update
2022-11-29 08:00:26,006 [INFO] MainUpdater:239 - Updater Check For Update Now.
2022-11-29 08:00:26,007 [INFO] MicroXplorer:414 - Change Database Version : DB.6.0.0
2022-11-29 08:00:26,093 [INFO] ServerAccessManage:348 - Download File updaters.zip
2022-11-29 08:00:26,257 [INFO] FileExtend:225 - Unzip File : updaters.zip
2022-11-29 08:00:26,257 [INFO] FileExtend:240 - Standard Zip Deflate
2022-11-29 08:00:27,784 [INFO] ServerAccessManage:348 - Download File PacksControlFlags.xml
2022-11-29 08:00:28,037 [INFO] ServerAccessManage:348 - Download File cubemx.pidx
2022-11-29 08:00:28,676 [WARN] IntegrityCheckThread:61 - waiting for thirdparty lock release [integrity check]
2022-11-29 08:00:28,676 [INFO] IntegrityCheckThread:63 - entering critical section [integrity check]
2022-11-29 08:00:28,678 [WARN] MainUpdater:1087 - Updater busy. Cannot search thirdparties
2022-11-29 08:00:29,427 [INFO] ServerAccessManage:348 - Download File STMicroelectronics.X-CUBE-BLE1.pdsc
2022-11-29 08:00:30,669 [ERROR] ServerAccessManage:947 - Problem, file not found on Server
2022-11-29 08:00:31,682 [WARN] MainUpdater:1087 - Updater busy. Cannot search thirdparties
2022-11-29 08:00:33,388 [INFO] CheckServerUpdateThread:102 - End of CheckServer Thread
2022-11-29 08:00:33,412 [INFO] MainUpdater:2268 - connection check result : 10
2022-11-29 08:00:33,539 [INFO] ThirdPartyDb:299 - Save Third Party DataBase File (C:/Users/ncm/.stm32cubemx/plugins/thirdparty/db/thirdparties_db.xml) [forced]
2022-11-29 08:00:33,603 [INFO] PopulateThirdPartyThread:50 - Ending populate Thread
2022-11-29 08:00:33,603 [INFO] ThirdPartyDb:299 - Save Third Party DataBase File (C:/Users/ncm/.stm32cubemx/plugins/thirdparty/db/thirdparties_db.xml) [forced]
2022-11-29 08:00:33,690 [INFO] Engine:289 - softwarePackList size : 51
2022-11-29 08:00:33,718 [INFO] Engine:301 - compute dependency for SwPack FP-ATR-ASTRA1 have been done, and update is requested
2022-11-29 08:00:33,768 [INFO] Engine:301 - compute dependency for SwPack X-CUBE-AI have been done, and update is requested
2022-11-29 08:00:33,806 [INFO] Engine:301 - compute dependency for SwPack X-CUBE-ALS have been done, and update is requested
2022-11-29 08:00:33,831 [INFO] Engine:301 - compute dependency for SwPack X-CUBE-BLE1 have been done, and update is requested
2022-11-29 08:00:33,852 [INFO] Engine:301 - compute dependency for SwPack X-CUBE-BLE2 have been done, and update is requested
2022-11-29 08:00:33,872 [INFO] Engine:301 - compute dependency for SwPack X-CUBE-BLEMGR have been done, and update is requested
2022-11-29 08:00:33,923 [ERROR] DependencyParser:1297 - StateRcvOpen_Cte Bad Token : )
2022-11-29 08:00:33,924 [ERROR] DependencyParser:1297 - StateRcvOpen_Cte Bad Token : )
2022-11-29 08:00:33,924 [ERROR] DependencyParser:1297 - StateRcvOpen_Cte Bad Token : )
2022-11-29 08:00:33,924 [ERROR] DependencyParser:1297 - StateRcvOpen_Cte Bad Token : )
2022-11-29 08:00:33,925 [ERROR] DependencyParser:1297 - StateRcvOpen_Cte Bad Token : )
2022-11-29 08:00:33,925 [ERROR] DependencyParser:1297 - StateRcvOpen_Cte Bad Token : )
2022-11-29 08:00:33,925 [ERROR] DependencyParser:1297 - StateRcvOpen_Cte Bad Token : )
2022-11-29 08:00:33,925 [ERROR] DependencyParser:1297 - StateRcvOpen_Cte Bad Token : )
2022-11-29 08:00:33,925 [ERROR] DependencyParser:1297 - StateRcvOpen_Cte Bad Token : )
2022-11-29 08:00:33,926 [ERROR] DependencyParser:1297 - StateRcvOpen_Cte Bad Token : )
2022-11-29 08:00:33,926 [ERROR] DependencyParser:1297 - StateRcvOpen_Cte Bad Token : )
2022-11-29 08:00:33,926 [ERROR] DependencyParser:1297 - StateRcvOpen_Cte Bad Token : )
2022-11-29 08:00:33,926 [ERROR] DependencyParser:1297 - StateRcvOpen_Cte Bad Token : )
2022-11-29 08:00:33,927 [ERROR] DependencyParser:1297 - StateRcvOpen_Cte Bad Token : )
2022-11-29 08:00:33,927 [ERROR] DependencyParser:1297 - StateRcvOpen_Cte Bad Token : )
2022-11-29 08:00:33,927 [ERROR] DependencyParser:1297 - StateRcvOpen_Cte Bad Token : )
2022-11-29 08:00:33,927 [ERROR] DependencyParser:1297 - StateRcvOpen_Cte Bad Token : )
2022-11-29 08:00:33,927 [INFO] Engine:305 - compute dependency for SwPack X-CUBE-DISPLAY have been done, no update is requested
2022-11-29 08:00:33,943 [INFO] Engine:301 - compute dependency for SwPack X-CUBE-EEPRMA1 have been done, and update is requested
2022-11-29 08:00:33,976 [INFO] Engine:301 - compute dependency for SwPack X-CUBE-GNSS1 have been done, and update is requested
2022-11-29 08:00:33,992 [INFO] Engine:301 - compute dependency for SwPack X-CUBE-ISPU have been done, and update is requested
2022-11-29 08:00:34,832 [INFO] Engine:301 - compute dependency for SwPack X-CUBE-MEMS1 have been done, and update is requested
2022-11-29 08:00:34,852 [INFO] Engine:301 - compute dependency for SwPack X-CUBE-NFC4 have been done, and update is requested
2022-11-29 08:00:34,874 [INFO] Engine:301 - compute dependency for SwPack X-CUBE-NFC7 have been done, and update is requested
2022-11-29 08:00:34,890 [INFO] Engine:301 - compute dependency for SwPack X-CUBE-SFXS2LP1 have been done, and update is requested
2022-11-29 08:00:34,950 [INFO] Engine:301 - compute dependency for SwPack X-CUBE-SUBG2 have been done, and update is requested
2022-11-29 08:00:34,995 [INFO] Engine:301 - compute dependency for SwPack X-CUBE-TOF1 have been done, and update is requested
2022-11-29 08:00:35,069 [INFO] Engine:305 - compute dependency for SwPack X-CUBE-TOUCHGFX have been done, no update is requested
2022-11-29 08:00:35,074 [INFO] Engine:301 - compute dependency for SwPack X-CUBE-ALGOBUILD have been done, and update is requested
2022-11-29 08:00:35,111 [INFO] Engine:301 - compute dependency for SwPack X-CUBE-AZRTOS-H7 have been done, and update is requested
2022-11-29 08:00:35,147 [INFO] Engine:301 - compute dependency for SwPack X-CUBE-AZRTOS-F4 have been done, and update is requested
2022-11-29 08:00:35,177 [INFO] Engine:301 - compute dependency for SwPack X-CUBE-AZRTOS-F7 have been done, and update is requested
2022-11-29 08:00:35,197 [INFO] Engine:301 - compute dependency for SwPack X-CUBE-AZRTOS-L4 have been done, and update is requested
2022-11-29 08:00:35,218 [ERROR] DependencyParser:1297 - StateRcvOpen_Cte Bad Token : )
2022-11-29 08:00:35,218 [ERROR] DependencyParser:1297 - StateRcvOpen_Cte Bad Token : )
2022-11-29 08:00:35,219 [ERROR] DependencyParser:1297 - StateRcvOpen_Cte Bad Token : )
2022-11-29 08:00:35,219 [ERROR] DependencyParser:1297 - StateRcvOpen_Cte Bad Token : )
2022-11-29 08:00:35,219 [ERROR] DependencyParser:1297 - StateRcvOpen_Cte Bad Token : )
2022-11-29 08:00:35,219 [ERROR] DependencyParser:1297 - StateRcvOpen_Cte Bad Token : )
2022-11-29 08:00:35,219 [ERROR] DependencyParser:1297 - StateRcvOpen_Cte Bad Token : )
2022-11-29 08:00:35,219 [ERROR] DependencyParser:1297 - StateRcvOpen_Cte Bad Token : )
2022-11-29 08:00:35,219 [ERROR] DependencyParser:1297 - StateRcvOpen_Cte Bad Token : )
2022-11-29 08:00:35,219 [ERROR] DependencyParser:1297 - StateRcvOpen_Cte Bad Token : )
2022-11-29 08:00:35,219 [ERROR] DependencyParser:1297 - StateRcvOpen_Cte Bad Token : )
2022-11-29 08:00:35,219 [ERROR] DependencyParser:1297 - StateRcvOpen_Cte Bad Token : )
2022-11-29 08:00:35,219 [ERROR] DependencyParser:1297 - StateRcvOpen_Cte Bad Token : )
2022-11-29 08:00:35,219 [ERROR] DependencyParser:1297 - StateRcvOpen_Cte Bad Token : )
2022-11-29 08:00:35,219 [ERROR] DependencyParser:1297 - StateRcvOpen_Cte Bad Token : )
2022-11-29 08:00:35,219 [ERROR] DependencyParser:1297 - StateRcvOpen_Cte Bad Token : )
2022-11-29 08:00:35,220 [ERROR] DependencyParser:1297 - StateRcvOpen_Cte Bad Token : )
2022-11-29 08:00:35,220 [ERROR] DependencyParser:1297 - StateRcvOpen_Cte Bad Token : )
2022-11-29 08:00:35,220 [ERROR] DependencyParser:1297 - StateRcvOpen_Cte Bad Token : )
2022-11-29 08:00:35,220 [ERROR] DependencyParser:1297 - StateRcvOpen_Cte Bad Token : )
2022-11-29 08:00:35,220 [ERROR] DependencyParser:1297 - StateRcvOpen_Cte Bad Token : )
2022-11-29 08:00:35,220 [ERROR] DependencyParser:1297 - StateRcvOpen_Cte Bad Token : )
2022-11-29 08:00:35,220 [ERROR] DependencyParser:1297 - StateRcvOpen_Cte Bad Token : )
2022-11-29 08:00:35,220 [ERROR] DependencyParser:1297 - StateRcvOpen_Cte Bad Token : )
2022-11-29 08:00:35,220 [ERROR] DependencyParser:1297 - StateRcvOpen_Cte Bad Token : )
2022-11-29 08:00:35,220 [ERROR] DependencyParser:1297 - StateRcvOpen_Cte Bad Token : )
2022-11-29 08:00:35,220 [ERROR] DependencyParser:1297 - StateRcvOpen_Cte Bad Token : )
2022-11-29 08:00:35,220 [ERROR] DependencyParser:1297 - StateRcvOpen_Cte Bad Token : )
2022-11-29 08:00:35,220 [ERROR] DependencyParser:1297 - StateRcvOpen_Cte Bad Token : )
2022-11-29 08:00:35,220 [ERROR] DependencyParser:1297 - StateRcvOpen_Cte Bad Token : )
2022-11-29 08:00:35,221 [ERROR] DependencyParser:1297 - StateRcvOpen_Cte Bad Token : )
2022-11-29 08:00:35,221 [ERROR] DependencyParser:1297 - StateRcvOpen_Cte Bad Token : )
2022-11-29 08:00:35,221 [ERROR] DependencyParser:1297 - StateRcvOpen_Cte Bad Token : )
2022-11-29 08:00:35,221 [ERROR] DependencyParser:1297 - StateRcvOpen_Cte Bad Token : )
2022-11-29 08:00:35,221 [ERROR] DependencyParser:1297 - StateRcvOpen_Cte Bad Token : )
2022-11-29 08:00:35,221 [ERROR] DependencyParser:1297 - StateRcvOpen_Cte Bad Token : )
2022-11-29 08:00:35,221 [ERROR] DependencyParser:1297 - StateRcvOpen_Cte Bad Token : )
2022-11-29 08:00:35,221 [ERROR] DependencyParser:1297 - StateRcvOpen_Cte Bad Token : )
2022-11-29 08:00:35,222 [ERROR] DependencyParser:1297 - StateRcvOpen_Cte Bad Token : )
2022-11-29 08:00:35,222 [ERROR] DependencyParser:1297 - StateRcvOpen_Cte Bad Token : )
2022-11-29 08:00:35,222 [ERROR] DependencyParser:1297 - StateRcvOpen_Cte Bad Token : )
2022-11-29 08:00:35,222 [ERROR] DependencyParser:1297 - StateRcvOpen_Cte Bad Token : )
2022-11-29 08:00:35,222 [ERROR] DependencyParser:1297 - StateRcvOpen_Cte Bad Token : )
2022-11-29 08:00:35,222 [ERROR] DependencyParser:1297 - StateRcvOpen_Cte Bad Token : )
2022-11-29 08:00:35,222 [ERROR] DependencyParser:1297 - StateRcvOpen_Cte Bad Token : )
2022-11-29 08:00:35,222 [ERROR] DependencyParser:1297 - StateRcvOpen_Cte Bad Token : )
2022-11-29 08:00:35,222 [INFO] Engine:305 - compute dependency for SwPack X-CUBE-AZRTOS-L5 have been done, no update is requested
2022-11-29 08:00:35,228 [INFO] Engine:301 - compute dependency for SwPack X-CUBE-AZRTOS-G0 have been done, and update is requested
2022-11-29 08:00:35,251 [INFO] Engine:301 - compute dependency for SwPack X-CUBE-AZRTOS-G4 have been done, and update is requested
2022-11-29 08:00:35,270 [INFO] Engine:301 - compute dependency for SwPack X-CUBE-AZRTOS-WL have been done, and update is requested
2022-11-29 08:00:35,292 [INFO] Engine:301 - compute dependency for SwPack I-CUBE-wolfSSL have been done, and update is requested
2022-11-29 08:00:35,328 [INFO] Engine:305 - compute dependency for SwPack I-CUBE-UNISONRTOS have been done, no update is requested
2022-11-29 08:00:35,530 [INFO] ThirdPartyDb:299 - Save Third Party DataBase File (C:/Users/ncm/.stm32cubemx/plugins/thirdparty/db/thirdparties_db.xml) [forced]
2022-11-29 08:00:35,539 [INFO] Engine:301 - compute dependency for SwPack I-CUBE-embOS have been done, and update is requested
2022-11-29 08:00:35,551 [INFO] McuFinderGlobals:40 - Set McuFinder mode to 2 (CubeIDE integrated)
2022-11-29 08:00:35,555 [INFO] Engine:301 - compute dependency for SwPack I-Cube-SoM-uGOAL have been done, and update is requested
2022-11-29 08:00:35,572 [INFO] Engine:301 - compute dependency for SwPack I-CUBE-CANOPEN have been done, and update is requested
2022-11-29 08:00:35,596 [INFO] Engine:301 - compute dependency for SwPack FP-ATR-SIGFOX1 have been done, and update is requested
2022-11-29 08:00:35,616 [INFO] Engine:301 - compute dependency for SwPack X-CUBE-AI have been done, and update is requested
2022-11-29 08:00:35,636 [INFO] Engine:301 - compute dependency for SwPack X-CUBE-BLEMGR have been done, and update is requested
2022-11-29 08:00:35,656 [INFO] Engine:301 - compute dependency for SwPack X-CUBE-ISPU have been done, and update is requested
2022-11-29 08:00:35,680 [INFO] Engine:301 - compute dependency for SwPack X-CUBE-NFC4 have been done, and update is requested
2022-11-29 08:00:35,762 [INFO] Engine:301 - compute dependency for SwPack X-CUBE-TOF1 have been done, and update is requested
2022-11-29 08:00:35,778 [INFO] Engine:305 - compute dependency for SwPack FreeRTOS have been done, no update is requested
2022-11-29 08:00:35,778 [INFO] Engine:305 - compute dependency for SwPack lwIP have been done, no update is requested
2022-11-29 08:00:35,778 [INFO] Engine:305 - compute dependency for SwPack lwIP have been done, no update is requested
2022-11-29 08:00:35,779 [INFO] Engine:305 - compute dependency for SwPack MBEDTLS have been done, no update is requested
2022-11-29 08:00:35,779 [INFO] Engine:305 - compute dependency for SwPack MBEDTLS have been done, no update is requested
2022-11-29 08:00:35,779 [INFO] Engine:305 - compute dependency for SwPack PDM2PCM have been done, no update is requested
2022-11-29 08:00:35,779 [INFO] Engine:305 - compute dependency for SwPack PDM2PCM have been done, no update is requested
2022-11-29 08:00:35,779 [INFO] Engine:305 - compute dependency for SwPack PDM2PCM have been done, no update is requested
2022-11-29 08:00:35,782 [INFO] Engine:305 - compute dependency for SwPack USB_DEVICE have been done, no update is requested
2022-11-29 08:00:35,782 [INFO] Engine:305 - compute dependency for SwPack USB_DEVICE have been done, no update is requested
2022-11-29 08:00:35,782 [INFO] Engine:305 - compute dependency for SwPack USB_DEVICE have been done, no update is requested
2022-11-29 08:00:35,785 [INFO] Engine:305 - compute dependency for SwPack USB_HOST have been done, no update is requested
2022-11-29 08:00:35,785 [INFO] Engine:305 - compute dependency for SwPack USB_HOST have been done, no update is requested
2022-11-29 08:00:35,788 [INFO] Engine:301 - compute dependency for SwPack X-CUBE-BLE1 have been done, and update is requested
2022-11-29 08:00:35,806 [INFO] ThirdPartyDb:299 - Save Third Party DataBase File (C:/Users/ncm/.stm32cubemx/plugins/thirdparty/db/thirdparties_db.xml) [forced]
2022-11-29 08:00:35,837 [INFO] IntegrityCheckThread:76 - exiting critical section [integrity check]
2022-11-29 08:00:35,837 [INFO] IntegrityCheckThread:79 - End integrity checks thread
2022-11-29 08:00:35,837 [INFO] ThirdPartyDb:299 - Save Third Party DataBase File (C:/Users/ncm/.stm32cubemx/plugins/thirdparty/db/thirdparties_db.xml) [forced]
2022-11-29 08:00:35,902 [INFO] LoadServerUpdatesThread:309 - End of LoadServerUpdate Thread
2022-11-29 08:00:36,196 [INFO] CrossSelectorPresenter:1330 - Cross Selector saved comparison directory: C:\Users\ncm\.stmcufinder\plugins\mcufinder\mcu\cs_comparisons_mx
2022-11-29 08:00:36,204 [INFO] MultiScanPanel:193 - Auto-refresh data requested => check proxy status ongoing
2022-11-29 08:00:36,207 [INFO] FinderPluginLoader:87 - Searching for filters in installed packs
2022-11-29 08:00:36,230 [INFO] DbMcusXml:100 - Load MCU database from C:\ST\STM32CubeIDE_1.4.0\STM32CubeIDE\plugins\com.st.stm32cube.common.mx_6.0.0.202007160824\\db\/mcu/families.xml
2022-11-29 08:00:38,399 [INFO] DbMcusJson:92 - JSON generation date=Tue Nov 16 18:17:54 EET 2021 (1637079474)
2022-11-29 08:00:40,307 [INFO] DbMcus:175 - Found 1761 MCUs (1722 are supported by CubeMX, 1911 are visible in CubeMX)
2022-11-29 08:00:40,322 [INFO] ApiDb:201 - Load user favorites file C:\Users\ncm/.stm32cubeide/favorites.mcus.txt: 0 item(s)
2022-11-29 08:00:40,323 [INFO] ApiDb:205 - User favorites MCUs=[]
2022-11-29 08:00:40,323 [INFO] DbMcus:187 - Set 0 / 0 favorites MCUs
2022-11-29 08:00:42,572 [INFO] LoadUrlFilesThread:162 - End of LoadServerUrlFiles without Thread
2022-11-29 08:00:43,726 [INFO] DetailPanel:331 - Set advertising image to C:/Users/ncm/STM32Cube/Repository/\stm32cubemx-promo_image.jpg
2022-11-29 08:00:44,796 [INFO] McuFilterPanel:245 - Update 0 favorites MCUs
2022-11-29 08:00:45,081 [INFO] DbBoardsPdsc:94 - Found 23 items
2022-11-29 08:00:45,102 [INFO] DbBoardsPdsc:94 - Found 9 items
2022-11-29 08:00:45,133 [INFO] DbBoardsPdsc:94 - Found 29 items
2022-11-29 08:00:45,156 [INFO] DbBoardsPdsc:94 - Found 1 items
2022-11-29 08:00:45,187 [INFO] DbBoardsPdsc:94 - Found 44 items
2022-11-29 08:00:45,213 [INFO] DbBoardsPdsc:94 - Found 40 items
2022-11-29 08:00:45,236 [INFO] DbBoardsPdsc:94 - Found 2 items
2022-11-29 08:00:45,258 [INFO] DbBoardsPdsc:94 - Found 4 items
2022-11-29 08:00:45,268 [WARN] DbBoardsPdsc:258 - Board STM32H7B3I-DK: unknown feature type=Audio, name=, username=Audio stereo codec with Headphone Amp (CS42L51-CNZ), n=1
2022-11-29 08:00:45,268 [WARN] DbBoardsPdsc:258 - Board STM32H735G-DK: unknown feature type=Audio, name=, username=Audio stereo codec with Headphone Amp (WM8994ECS/R), n=1
2022-11-29 08:00:45,271 [WARN] DbBoardsPdsc:258 - Board STM32H7B3I-EVAL: unknown feature type=Audio, name=, username=Multi-Channel Audio Codec (CS42L51-CNZ), n=1
2022-11-29 08:00:45,271 [WARN] DbBoardsPdsc:258 - Board STM32H7B3I-EVAL: unknown feature type=Meter, name=, username=Power-metering and Temperature-monitoring with sigma-delta modulators, n=1
2022-11-29 08:00:45,271 [WARN] DbBoardsPdsc:258 - Board STM32H7B3I-EVAL: unknown feature type=Motor, name=, username=Motor Control, n=1
2022-11-29 08:00:45,454 [INFO] DbBoardsJson:85 - JSON generation date=Tue Nov 16 18:17:54 EET 2021 (1637079474)
2022-11-29 08:00:45,465 [INFO] DbBoards:117 - Found 166 boards (149 are supported by CubeMX)
2022-11-29 08:00:45,494 [INFO] DbBoardsDocs:145 - JSON generation date=Tue Nov 16 18:17:54 EET 2021 (1637079474)
2022-11-29 08:00:45,503 [INFO] DbBoardsDocs:81 - Found 209 boards documents
2022-11-29 08:00:45,504 [WARN] DbBoards:127 - board B-L475E-IOT01A2 has no document id list !
2022-11-29 08:00:45,507 [WARN] DbBoards:127 - board NUCLEO-H743ZI has no document id list !
2022-11-29 08:00:45,508 [WARN] DbBoards:127 - board P-NUCLEO-WB55-Nucleo has no document id list !
2022-11-29 08:00:45,509 [WARN] DbBoards:127 - board P-NUCLEO-WB55-USBDongle has no document id list !
2022-11-29 08:00:45,509 [WARN] DbBoards:127 - board STEVAL-BFA001V1B has no document id list !
2022-11-29 08:00:45,509 [WARN] DbBoards:127 - board STEVAL-BFA001V2B has no document id list !
2022-11-29 08:00:45,509 [WARN] DbBoards:127 - board STEVAL-IDP005V1 has no document id list !
2022-11-29 08:00:45,509 [WARN] DbBoards:127 - board STEVAL-IDP005V2 has no document id list !
2022-11-29 08:00:45,509 [WARN] DbBoards:127 - board STEVAL-MKSBOX1V1 has no document id list !
2022-11-29 08:00:45,509 [WARN] DbBoards:127 - board STEVAL-STWINKT1 has no document id list !
2022-11-29 08:00:45,509 [WARN] DbBoards:127 - board STEVAL-STWINKT1B has no document id list !
2022-11-29 08:00:45,510 [WARN] DbBoards:127 - board STM32439I-EVAL2 has no document id list !
2022-11-29 08:00:45,510 [WARN] DbBoards:127 - board STM32F401C-DISCO has no document id list !
2022-11-29 08:00:45,511 [WARN] DbBoards:127 - board STM32F769I-DISC1 has no document id list !
2022-11-29 08:00:45,511 [WARN] DbBoards:127 - board STM32G474E-EVAL1 has no document id list !
2022-11-29 08:00:45,511 [WARN] DbBoards:127 - board STM32H743I-EVAL2 has no document id list !
2022-11-29 08:00:45,512 [WARN] DbBoards:127 - board STM32H747I-DISC1 has no document id list !
2022-11-29 08:00:45,512 [WARN] DbBoards:127 - board STM32H753I-EVAL2 has no document id list !
2022-11-29 08:00:45,512 [WARN] DbBoards:127 - board STM32L-DISCOVERY has no document id list !
2022-11-29 08:00:45,688 [ERROR] DbBoards:189 - Image file not found for board B-L462E-CELL1: C:\ST\STM32CubeIDE_1.4.0\STM32CubeIDE\plugins\com.st.stm32cube.common.mx_6.0.0.202007160824\\db\/plugins/mcufinder/images/boards/B-L462E-CELL1_small.jpg
2022-11-29 08:00:45,864 [ERROR] DbBoards:189 - Image file not found for board B-U585I-IOT02A: C:\ST\STM32CubeIDE_1.4.0\STM32CubeIDE\plugins\com.st.stm32cube.common.mx_6.0.0.202007160824\\db\/plugins/mcufinder/images/boards/B-U585I-IOT02A_small.jpg
2022-11-29 08:00:46,189 [ERROR] DbBoards:189 - Image file not found for board NUCLEO-F413ZH: C:\ST\STM32CubeIDE_1.4.0\STM32CubeIDE\plugins\com.st.stm32cube.common.mx_6.0.0.202007160824\\db\/plugins/mcufinder/images/boards/nucleo-f413zh_small.jpg
2022-11-29 08:00:46,438 [ERROR] DbBoards:189 - Image file not found for board NUCLEO-L552ZE-Q: C:\ST\STM32CubeIDE_1.4.0\STM32CubeIDE\plugins\com.st.stm32cube.common.mx_6.0.0.202007160824\\db\/plugins/mcufinder/images/boards/nucleo_l552ze_q_small.jpg
2022-11-29 08:00:46,439 [ERROR] DbBoards:189 - Image file not found for board NUCLEO-U575ZI-Q: C:\ST\STM32CubeIDE_1.4.0\STM32CubeIDE\plugins\com.st.stm32cube.common.mx_6.0.0.202007160824\\db\/plugins/mcufinder/images/boards/nucleo-u575zi-q_small.jpg
2022-11-29 08:00:46,439 [ERROR] DbBoards:189 - Image file not found for board NUCLEO-WB15CC: C:\ST\STM32CubeIDE_1.4.0\STM32CubeIDE\plugins\com.st.stm32cube.common.mx_6.0.0.202007160824\\db\/plugins/mcufinder/images/boards/nucleo-wb15cc_small.jpg
2022-11-29 08:00:46,439 [ERROR] DbBoards:189 - Image file not found for board NUCLEO-WB55RG: C:\ST\STM32CubeIDE_1.4.0\STM32CubeIDE\plugins\com.st.stm32cube.common.mx_6.0.0.202007160824\\db\/plugins/mcufinder/images/boards/nucleo-wb55rg_small.jpg
2022-11-29 08:00:46,440 [ERROR] DbBoards:189 - Image file not found for board NUCLEO-WL55JC: C:\ST\STM32CubeIDE_1.4.0\STM32CubeIDE\plugins\com.st.stm32cube.common.mx_6.0.0.202007160824\\db\/plugins/mcufinder/images/boards/nucleo-wl55jc-small.jpg
2022-11-29 08:00:46,930 [ERROR] DbBoards:189 - Image file not found for board STEVAL-STWINKT1B: C:\ST\STM32CubeIDE_1.4.0\STM32CubeIDE\plugins\com.st.stm32cube.common.mx_6.0.0.202007160824\\db\/plugins/mcufinder/images/boards/steval-stwinkt1b_small.jpg
2022-11-29 08:00:48,860 [ERROR] DbBoards:189 - Image file not found for board STM32G0C1E-EV: C:\ST\STM32CubeIDE_1.4.0\STM32CubeIDE\plugins\com.st.stm32cube.common.mx_6.0.0.202007160824\\db\/plugins/mcufinder/images/boards/stm32g0c1e-eval_small.jpg
2022-11-29 08:00:49,118 [ERROR] DbBoards:189 - Image file not found for board STM32H7B3I-EVAL: C:\ST\STM32CubeIDE_1.4.0\STM32CubeIDE\plugins\com.st.stm32cube.common.mx_6.0.0.202007160824\\db\/plugins/mcufinder/images/boards/stm32h7b3ieval_small.jpg
2022-11-29 08:00:49,636 [ERROR] DbBoards:189 - Image file not found for board STM32U575I-EV: C:\ST\STM32CubeIDE_1.4.0\STM32CubeIDE\plugins\com.st.stm32cube.common.mx_6.0.0.202007160824\\db\/plugins/mcufinder/images/boards/stm32u575i-ev_small.jpg
2022-11-29 08:00:49,725 [ERROR] DbBoards:189 - Image file not found for board STM32WB5MM-DK: C:\ST\STM32CubeIDE_1.4.0\STM32CubeIDE\plugins\com.st.stm32cube.common.mx_6.0.0.202007160824\\db\/plugins/mcufinder/images/boards/STM32WB5MM-DK_small.jpg
2022-11-29 08:00:49,726 [INFO] ApiDb:201 - Load user favorites file C:\Users\ncm/.stm32cubeide/favorites.boards.txt: 0 item(s)
2022-11-29 08:00:49,726 [INFO] ApiDb:205 - User favorites Boards=[]
2022-11-29 08:00:49,726 [INFO] DbBoards:206 - Set 0 / 0 favorites Boards
2022-11-29 08:01:36,410 [INFO] DbMcusDocs:145 - JSON generation date=Tue Nov 16 18:17:54 EET 2021 (1637079474)
2022-11-29 08:01:36,672 [INFO] DbMcusDocs:81 - Found 682 MCUs documents
2022-11-29 08:01:57,796 [INFO] LogOutputStream:76 - [STDOUT_REDIRECT] withoutVersionV1.8.4
2022-11-29 08:01:57,797 [INFO] LogOutputStream:76 - [STDOUT_REDIRECT] withoutVersionV1.8.3
2022-11-29 08:01:57,798 [INFO] LogOutputStream:76 - [STDOUT_REDIRECT] withoutVersionV1.8.2
2022-11-29 08:01:57,798 [INFO] LogOutputStream:76 - [STDOUT_REDIRECT] withoutVersionV1.8.1
2022-11-29 08:01:57,799 [INFO] LogOutputStream:76 - [STDOUT_REDIRECT] withoutVersionV1.8.0
2022-11-29 08:02:13,042 [INFO] ApiDb:226 - Save user favorites file C:\Users\ncm/.stm32cubeide/favorites.mcus.txt: 0 item(s)
2022-11-29 08:02:13,043 [INFO] ApiDb:230 - User favorites MCUs=[]
2022-11-29 09:20:35,527 [INFO] Activator:178 - 


2022-11-29 09:20:35,550 [INFO] Activator:179 - !SESSION log4j initialized
2022-11-29 10:07:20,710 [INFO] Activator:178 - 


2022-11-29 10:07:20,804 [INFO] Activator:179 - !SESSION log4j initialized
2022-11-29 11:43:02,703 [INFO] Activator:178 - 


2022-11-29 11:43:02,720 [INFO] Activator:179 - !SESSION log4j initialized
2022-11-29 18:19:56,108 [INFO] Activator:178 - 


2022-11-29 18:19:56,111 [INFO] Activator:179 - !SESSION log4j initialized
2022-11-30 14:06:05,277 [INFO] Activator:178 - 


2022-11-30 14:06:05,350 [INFO] Activator:179 - !SESSION log4j initialized
2022-11-30 16:17:55,007 [INFO] Activator:178 - 


2022-11-30 16:17:55,518 [INFO] Activator:179 - !SESSION log4j initialized
2022-11-30 16:30:59,688 [INFO] Activator:178 - 


2022-11-30 16:30:59,691 [INFO] Activator:179 - !SESSION log4j initialized
2022-12-01 20:00:40,988 [INFO] Activator:178 - 


2022-12-01 20:00:41,198 [INFO] Activator:179 - !SESSION log4j initialized
2022-12-02 10:00:37,661 [INFO] Activator:178 - 


2022-12-02 10:00:37,792 [INFO] Activator:179 - !SESSION log4j initialized
2022-12-02 10:02:00,809 [INFO] RetryExec:97 - I/O exception (org.apache.http.NoHttpResponseException) caught when processing request to {s}->https://download.eclipse.org:443: The target server failed to respond
2022-12-02 10:02:00,812 [INFO] RetryExec:113 - Retrying request to {s}->https://download.eclipse.org:443
2022-12-02 10:02:01,598 [INFO] RetryExec:97 - I/O exception (org.apache.http.NoHttpResponseException) caught when processing request to {s}->https://archive.eclipse.org:443: The target server failed to respond
2022-12-02 10:02:01,599 [INFO] RetryExec:113 - Retrying request to {s}->https://archive.eclipse.org:443
2022-12-02 10:02:02,473 [INFO] RetryExec:97 - I/O exception (org.apache.http.NoHttpResponseException) caught when processing request to {s}->https://download.eclipse.org:443: The target server failed to respond
2022-12-02 10:02:02,473 [INFO] RetryExec:113 - Retrying request to {s}->https://download.eclipse.org:443
